2024.10.28 19:04:08 INFO  Started: Metals version 1.4.0 in folders 'C:\Users\artam\Desktop\FPlabs\FPlab\lab1\hello-world' for client Visual Studio Code 1.94.2.
2024.10.28 19:04:08 WARN  Flyway upgrade recommended: H2 2.3.232 is newer than this version of Flyway and support has not been tested. The latest supported version of H2 is 2.2.224.
2024.10.28 19:04:08 INFO  no build target found for C:\Users\artam\Desktop\FPlabs\FPlab\lab1\hello-world\build.sbt. Using presentation compiler with project's scala-library version: 3.3.4
2024.10.28 19:04:09 INFO  no build target found for C:\Users\artam\Desktop\FPlabs\FPlab\lab1\hello-world\build.sbt. Using presentation compiler with project's scala-library version: 3.3.4
2024.10.28 19:04:09 INFO  no build target found for C:\Users\artam\Desktop\FPlabs\FPlab\lab1\hello-world\build.sbt. Using presentation compiler with project's scala-library version: 3.3.4
окт. 28, 2024 7:04:09 PM org.eclipse.lsp4j.jsonrpc.RemoteEndpoint handleCancellation
WARNING: Unmatched cancel notification for request id 2
2024.10.28 19:04:09 INFO  no build target found for C:\Users\artam\Desktop\FPlabs\FPlab\lab1\hello-world\build.sbt. Using presentation compiler with project's scala-library version: 3.3.4
2024.10.28 19:04:09 INFO  no build target found for C:\Users\artam\Desktop\FPlabs\FPlab\lab1\hello-world\build.sbt. Using presentation compiler with project's scala-library version: 3.3.4
окт. 28, 2024 7:04:09 PM org.eclipse.lsp4j.jsonrpc.RemoteEndpoint handleCancellation
WARNING: Unmatched cancel notification for request id 8
2024.10.28 19:04:09 INFO  no build target found for C:\Users\artam\Desktop\FPlabs\FPlab\lab1\hello-world\build.sbt. Using presentation compiler with project's scala-library version: 3.3.4
окт. 28, 2024 7:04:09 PM org.eclipse.lsp4j.jsonrpc.RemoteEndpoint handleCancellation
WARNING: Unmatched cancel notification for request id 3
2024.10.28 19:04:09 INFO  no build target found for C:\Users\artam\Desktop\FPlabs\FPlab\lab1\hello-world\build.sbt. Using presentation compiler with project's scala-library version: 3.3.4
2024.10.28 19:04:09 INFO  no build target found for C:\Users\artam\Desktop\FPlabs\FPlab\lab1\hello-world\build.sbt. Using presentation compiler with project's scala-library version: 3.3.4
2024.10.28 19:04:09 INFO  no build target found for C:\Users\artam\Desktop\FPlabs\FPlab\lab1\hello-world\build.sbt. Using presentation compiler with project's scala-library version: 3.3.4
2024.10.28 19:04:10 WARN  no build target for: C:\Users\artam\Desktop\FPlabs\FPlab\lab1\hello-world\build.sbt
2024.10.28 19:04:10 INFO  no build target found for C:\Users\artam\Desktop\FPlabs\FPlab\lab1\hello-world\build.sbt. Using presentation compiler with project's scala-library version: 3.3.4
2024.10.28 19:04:10 INFO  no build target found for C:\Users\artam\Desktop\FPlabs\FPlab\lab1\hello-world\build.sbt. Using presentation compiler with project's scala-library version: 3.3.4
2024.10.28 19:04:10 WARN  Could not find semantic tokens for: file:///C:/Users/artam/Desktop/FPlabs/FPlab/lab1/hello-world/build.sbt
2024.10.28 19:04:13 INFO  no build target found for C:\Users\artam\Desktop\FPlabs\FPlab\lab1\hello-world\build.sbt. Using presentation compiler with project's scala-library version: 3.3.4
2024.10.28 19:04:13 INFO  running 'C:\Program Files\Java\jdk-18.0.2\bin\java.exe -Djline.terminal=jline.UnsupportedTerminal -Dsbt.log.noformat=true -Dfile.encoding=UTF-8 -jar C:\Users\artam\AppData\Local\Temp\metals12845664737465486383\sbt-launch.jar -Dbloop.export-jar-classifiers=sources bloopInstall'
2024.10.28 19:04:21 INFO  [info] welcome to sbt 1.10.3 (Oracle Corporation Java 18.0.2)
2024.10.28 19:04:23 INFO  Shutting down server
2024.10.28 19:04:23 INFO  shutting down Metals
2024.10.28 19:04:23 INFO  Exiting server
